date: 2014-02-02 22:11:49.759
argv: node /usr/local/bin/hexo server
os: Linux 3.8.0-29-generic linux ia32
version:
  hexo: 2.4.5
  http_parser: 1.0
  node: 0.10.25
  v8: 3.14.5.9
  ares: 1.9.0-DEV
  uv: 0.10.23
  zlib: 1.2.3
  modules: 11
  openssl: 1.0.1e
---

[debug] 21:35:16.056 Configuration file load successfully
[debug] 21:35:16.061 Version info checked successfully
[debug] 21:35:16.125 Loading database.
[debug] 21:35:16.187 Script load successfully: fancybox.js
[debug] 21:35:16.214 Theme layout loaded
[debug] 21:35:16.236 Theme configuration loaded
[debug] 21:35:16.265 Theme source loaded
[debug] 21:35:16.270 Theme language files loaded
[debug] 21:35:16.302 Processed: about/index.md
[debug] 21:35:16.304 Processed: _posts/hello-world.md
[debug] 21:35:16.305 Processed: _posts/i-can-write.md
[debug] 21:35:16.313 Cache saved
[info] 21:35:16.340 Hexo is running at localhost:4000/. Press Ctrl+C to stop.
[debug] 21:35:22.454 Render index: 
[debug] 21:35:48.174 Render index: 
[debug] 21:36:54.663 Render post: 2014/02/01/i-can-write/
[debug] 21:43:54.955 Render tag: tags/node/
[debug] 21:44:28.795 Render index: 
[update] 21:51:03.076 Theme: source/img/logo.svg
[debug] 21:51:40.102 Render index: 
[debug] 21:51:43.924 Render index: 
[debug] 21:51:47.054 Render index: 
[update] 22:04:38.174 Theme: source/img/logo.svg
[debug] 22:04:46.849 Render index: 
[update] 22:10:51.379 Theme: source/img/logo.svg
[debug] 22:11:00.262 Render index: 
[delete] 22:11:49.627 Theme: source/img/logo.svg
[error] 22:11:49.731 ReferenceError: route is not defined
ReferenceError: route is not defined
    at _watchSource (/usr/local/lib/node_modules/hexo/lib/core/theme.js:210:5)
    at /usr/local/lib/node_modules/hexo/lib/core/theme.js:260:15
    at /usr/local/lib/node_modules/hexo/node_modules/async/lib/async.js:108:13
    at Array.forEach (native)
    at _each (/usr/local/lib/node_modules/hexo/node_modules/async/lib/async.js:32:24)
    at Object.async.each (/usr/local/lib/node_modules/hexo/node_modules/async/lib/async.js:107:9)
    at async.series.generate.watch (/usr/local/lib/node_modules/hexo/lib/core/theme.js:249:17)
    at /usr/local/lib/node_modules/hexo/node_modules/async/lib/async.js:548:21
    at /usr/local/lib/node_modules/hexo/node_modules/async/lib/async.js:224:13
    at iterate (/usr/local/lib/node_modules/hexo/node_modules/async/lib/async.js:131:13)
